{"/Users/jward01/Documents/Dev/LegendUtil/index.js":{"path":"/Users/jward01/Documents/Dev/LegendUtil/index.js","s":{"1":1,"2":1,"3":8},"b":{},"f":{"1":8},"fnMap":{"1":{"name":"(anonymous_1)","line":51,"loc":{"start":{"line":51,"column":17},"end":{"line":51,"column":42}}}},"statementMap":{"1":{"start":{"line":43,"column":0},"end":{"line":43,"column":13}},"2":{"start":{"line":51,"column":0},"end":{"line":53,"column":2}},"3":{"start":{"line":52,"column":4},"end":{"line":52,"column":41}}},"branchMap":{}}}